<?xml version="1.0" encoding="UTF-8"?>
<testsuite name="GUITest" tests="3" skipped="0" failures="0" errors="0" timestamp="2021-11-17T07:59:29" hostname="LAPTOP-8NV4IMJR" time="0.042">
  <properties/>
  <testcase name="printQuote()" classname="GUITest" time="0.026"/>
  <testcase name="loadPhilosophers()" classname="GUITest" time="0.008"/>
  <testcase name="selectPhilosopher()" classname="GUITest" time="0.002"/>
  <system-out><![CDATA[Select a philosopher:
Press 1 for Sokrates
Press 2 for Friedrich Nietzsche
Press 3 for Thomas Aquinas
Sokrates (born ca. 470 BC, died 399 BC) was a great philosopher with memorable quotes, such as:
'The unexamined life is not worth living.'
Select a philosopher:
Press 1 for Sokrates
Press 2 for Friedrich Nietzsche
Press 3 for Thomas Aquinas
Sokrates (born ca. 470 BC, died 399 BC) was a great philosopher with memorable quotes, such as:
'The unexamined life is not worth living.'
Select a philosopher:
Press 1 for Sokrates
Press 2 for Friedrich Nietzsche
Press 3 for Thomas Aquinas
Sokrates (born ca. 470 BC, died 399 BC) was a great philosopher with memorable quotes, such as:
'Buy my mixtape'
Select a philosopher:
Press 1 for Sokrates
Press 2 for Friedrich Nietzsche
Press 3 for Thomas Aquinas
]]></system-out>
  <system-err><![CDATA[]]></system-err>
</testsuite>
